#### STARTUP.S
arm-none-eabi-gcc
-mcpu=cortex-m0
-g3
-DDEBUG
-c
-x assembler-with-cpp
-MMD
-MP
-MF"Core/Startup/startup_stm32f030r8tx.d"
-MT"Core/Startup/startup_stm32f030r8tx.o"
--specs=nano.specs
-mfloat-abi=soft
-mthumb
-o "Core/Startup/startup_stm32f030r8tx.o" 
"../Core/Startup/startup_stm32f030r8tx.s"
#### STARTUP.S


arm-none-eabi-gcc
-o "omni-mapper.elf" @"objects.list"  
-mcpu=cortex-m0
-T"/home/kash/fw/omni-mapper/fw/omni-mapper/STM32F030R8TX_FLASH.ld"
--specs=nosys.specs
-Wl,-Map="omni-mapper.map"
-Wl,--gc-sections
-static
--specs=nano.specs
-mfloat-abi=soft
-mthumb
-Wl,--start-group
-lc
-lm
-Wl,--end-group
Finished building target: omni-mapper.elf
 
arm-none-eabi-size  omni-mapper.elf 

arm-none-eabi-objdump
-h
-S omni-mapper.elf  > "omni-mapper.list"

