
arm-none-eabi-gcc
-mcpu=cortex-m0
-std=gnu11
-g3
-DDEBUG
-DUSE_HAL_DRIVER
-DSTM32F030x8
-I../Core/Inc
-I
-I
-I../Drivers/CMSIS/Include
-I../Drivers/CMSIS/Device/ST/STM32F0xx/Include
-O0
-ffunction-sections
-fdata-sections
-Wall
-fstack-usage
--specs=nano.specs
-mfloat-abi=soft
-mthumb 
-c ../Drivers/STM32F0xx_HAL_Driver/Src
-o Drivers/STM32F0xx_HAL_Driver/Src/stm32f0xx_hal_rcc_ex.o
arm-none-eabi-gcc: warning: ../Drivers/STM32F0xx_HAL_Driver/Src: linker input file unused because linking not done

